# JRE version: OpenJDK Runtime Environment (22.0+36) (build 22+36-2370)
# Java VM: OpenJDK 64-Bit Server VM (22+36-2370, mixed mode, sharing, tiered, compressed oops, compressed class ptrs, g1 gc, windows-amd64)
GC Precious Log:
 CardTable entry size: 512
 Card Set container configuration: InlinePtr #cards 5 size 8 Array Of Cards #cards 12 size 40 Howl #buckets 4 coarsen threshold 1843 Howl Bitmap #cards 512 size 80 coarsen threshold 460 Card regions per heap region 1 cards per card region 2048
 CPUs: 8 total, 8 available
 Memory: 8033M
 Large Page Support: Disabled
 NUMA Support: Disabled
 Compressed Oops: Enabled (32-bit)
 Heap Region Size: 1M
 Heap Min Capacity: 8M
 Heap Initial Capacity: 126M
 Heap Max Capacity: 2010M
 Pre-touch: Disabled
 Parallel Workers: 8
 Concurrent Workers: 2
 Concurrent Refinement Workers: 8
 Periodic GC: Disabled
Heap:
 garbage-first heap   total reserved 2058240K, committed 58368K, used 38151K [0x0000000082600000, 0x0000000100000000)
  region size 1024K, 11 young (11264K), 2 survivors (2048K)
 Metaspace       used 65838K, committed 66560K, reserved 1114112K
  class space    used 8911K, committed 9216K, reserved 1048576K
GC Heap History (20 events):
Event: 5.077 GC heap before
{Heap before GC invocations=4 (full 0):
 garbage-first heap   total reserved 2058240K, committed 48128K, used 35968K [0x0000000082600000, 0x0000000100000000)
  region size 1024K, 28 young (28672K), 6 survivors (6144K)
 Metaspace       used 24996K, committed 25344K, reserved 1114112K
  class space    used 3106K, committed 3264K, reserved 1048576K
}
Event: 5.090 GC heap after
{Heap after GC invocations=5 (full 0):
 garbage-first heap   total reserved 2058240K, committed 48128K, used 14905K [0x0000000082600000, 0x0000000100000000)
  region size 1024K, 2 young (2048K), 2 survivors (2048K)
 Metaspace       used 24996K, committed 25344K, reserved 1114112K
  class space    used 3106K, committed 3264K, reserved 1048576K
}
Event: 6.137 GC heap before
{Heap before GC invocations=5 (full 0):
 garbage-first heap   total reserved 2058240K, committed 48128K, used 36409K [0x0000000082600000, 0x0000000100000000)
  region size 1024K, 23 young (23552K), 2 survivors (2048K)
 Metaspace       used 29095K, committed 29568K, reserved 1114112K
  class space    used 3693K, committed 3904K, reserved 1048576K
}
Event: 6.148 GC heap after
{Heap after GC invocations=6 (full 0):
 garbage-first heap   total reserved 2058240K, committed 48128K, used 17556K [0x0000000082600000, 0x0000000100000000)
  region size 1024K, 3 young (3072K), 3 survivors (3072K)
 Metaspace       used 29095K, committed 29568K, reserved 1114112K
  class space    used 3693K, committed 3904K, reserved 1048576K
}
Event: 7.070 GC heap before
{Heap before GC invocations=6 (full 0):
 garbage-first heap   total reserved 2058240K, committed 48128K, used 37012K [0x0000000082600000, 0x0000000100000000)
  region size 1024K, 23 young (23552K), 3 survivors (3072K)
 Metaspace       used 33323K, committed 33920K, reserved 1114112K
  class space    used 4216K, committed 4480K, reserved 1048576K
}
Event: 7.079 GC heap after
{Heap after GC invocations=7 (full 0):
 garbage-first heap   total reserved 2058240K, committed 48128K, used 19543K [0x0000000082600000, 0x0000000100000000)
  region size 1024K, 2 young (2048K), 2 survivors (2048K)
 Metaspace       used 33323K, committed 33920K, reserved 1114112K
  class space    used 4216K, committed 4480K, reserved 1048576K
}
Event: 7.485 GC heap before
{Heap before GC invocations=7 (full 0):
 garbage-first heap   total reserved 2058240K, committed 48128K, used 27735K [0x0000000082600000, 0x0000000100000000)
  region size 1024K, 11 young (11264K), 2 survivors (2048K)
 Metaspace       used 35439K, committed 35968K, reserved 1114112K
  class space    used 4575K, committed 4800K, reserved 1048576K
}
Event: 7.490 GC heap after
{Heap after GC invocations=8 (full 0):
 garbage-first heap   total reserved 2058240K, committed 48128K, used 19631K [0x0000000082600000, 0x0000000100000000)
  region size 1024K, 2 young (2048K), 2 survivors (2048K)
 Metaspace       used 35439K, committed 35968K, reserved 1114112K
  class space    used 4575K, committed 4800K, reserved 1048576K
}
Event: 8.532 GC heap before
{Heap before GC invocations=9 (full 0):
 garbage-first heap   total reserved 2058240K, committed 48128K, used 40111K [0x0000000082600000, 0x0000000100000000)
  region size 1024K, 22 young (22528K), 2 survivors (2048K)
 Metaspace       used 42748K, committed 43264K, reserved 1114112K
  class space    used 5509K, committed 5760K, reserved 1048576K
}
Event: 8.544 GC heap after
{Heap after GC invocations=10 (full 0):
 garbage-first heap   total reserved 2058240K, committed 48128K, used 22210K [0x0000000082600000, 0x0000000100000000)
  region size 1024K, 3 young (3072K), 3 survivors (3072K)
 Metaspace       used 42748K, committed 43264K, reserved 1114112K
  class space    used 5509K, committed 5760K, reserved 1048576K
}
Event: 9.643 GC heap before
{Heap before GC invocations=10 (full 0):
 garbage-first heap   total reserved 2058240K, committed 48128K, used 41666K [0x0000000082600000, 0x0000000100000000)
  region size 1024K, 22 young (22528K), 3 survivors (3072K)
 Metaspace       used 47514K, committed 48128K, reserved 1114112K
  class space    used 6169K, committed 6464K, reserved 1048576K
}
Event: 9.651 GC heap after
{Heap after GC invocations=11 (full 0):
 garbage-first heap   total reserved 2058240K, committed 58368K, used 23027K [0x0000000082600000, 0x0000000100000000)
  region size 1024K, 2 young (2048K), 2 survivors (2048K)
 Metaspace       used 47514K, committed 48128K, reserved 1114112K
  class space    used 6169K, committed 6464K, reserved 1048576K
}
Event: 10.724 GC heap before
{Heap before GC invocations=11 (full 0):
 garbage-first heap   total reserved 2058240K, committed 58368K, used 48627K [0x0000000082600000, 0x0000000100000000)
  region size 1024K, 28 young (28672K), 2 survivors (2048K)
 Metaspace       used 55401K, committed 56000K, reserved 1114112K
  class space    used 7463K, committed 7744K, reserved 1048576K
}
Event: 10.729 GC heap after
{Heap after GC invocations=12 (full 0):
 garbage-first heap   total reserved 2058240K, committed 58368K, used 24404K [0x0000000082600000, 0x0000000100000000)
  region size 1024K, 3 young (3072K), 3 survivors (3072K)
 Metaspace       used 55401K, committed 56000K, reserved 1114112K
  class space    used 7463K, committed 7744K, reserved 1048576K
}
Event: 12.028 GC heap before
{Heap before GC invocations=12 (full 0):
 garbage-first heap   total reserved 2058240K, committed 58368K, used 45908K [0x0000000082600000, 0x0000000100000000)
  region size 1024K, 26 young (26624K), 3 survivors (3072K)
 Metaspace       used 59543K, committed 60160K, reserved 1114112K
  class space    used 8018K, committed 8320K, reserved 1048576K
}
Event: 12.040 GC heap after
{Heap after GC invocations=13 (full 0):
 garbage-first heap   total reserved 2058240K, committed 58368K, used 26916K [0x0000000082600000, 0x0000000100000000)
  region size 1024K, 4 young (4096K), 4 survivors (4096K)
 Metaspace       used 59543K, committed 60160K, reserved 1114112K
  class space    used 8018K, committed 8320K, reserved 1048576K
}
Event: 35.754 GC heap before
{Heap before GC invocations=14 (full 0):
 garbage-first heap   total reserved 2058240K, committed 58368K, used 49444K [0x0000000082600000, 0x0000000100000000)
  region size 1024K, 26 young (26624K), 4 survivors (4096K)
 Metaspace       used 62205K, committed 62912K, reserved 1114112K
  class space    used 8434K, committed 8768K, reserved 1048576K
}
Event: 35.776 GC heap after
{Heap after GC invocations=15 (full 0):
 garbage-first heap   total reserved 2058240K, committed 58368K, used 28968K [0x0000000082600000, 0x0000000100000000)
  region size 1024K, 3 young (3072K), 3 survivors (3072K)
 Metaspace       used 62205K, committed 62912K, reserved 1114112K
  class space    used 8434K, committed 8768K, reserved 1048576K
}
Event: 483.495 GC heap before
{Heap before GC invocations=15 (full 0):
 garbage-first heap   total reserved 2058240K, committed 58368K, used 49448K [0x0000000082600000, 0x0000000100000000)
  region size 1024K, 24 young (24576K), 3 survivors (3072K)
 Metaspace       used 65814K, committed 66560K, reserved 1114112K
  class space    used 8911K, committed 9216K, reserved 1048576K
}
Event: 483.515 GC heap after
{Heap after GC invocations=16 (full 0):
 garbage-first heap   total reserved 2058240K, committed 58368K, used 29959K [0x0000000082600000, 0x0000000100000000)
  region size 1024K, 2 young (2048K), 2 survivors (2048K)
 Metaspace       used 65814K, committed 66560K, reserved 1114112K
  class space    used 8911K, committed 9216K, reserved 1048576K
}

